{"D:\\backend learning\\Assesment\\backend\\constants\\messages.js": {"path":"D:\\backend learning\\Assesment\\backend\\constants\\messages.js","statementMap":{"0":{"start":{"line":1,"column":16},"end":{"line":1,"column":18}},"1":{"start":{"line":2,"column":14},"end":{"line":2,"column":16}},"2":{"start":{"line":4,"column":0},"end":{"line":4,"column":40}},"3":{"start":{"line":5,"column":0},"end":{"line":5,"column":39}},"4":{"start":{"line":6,"column":0},"end":{"line":6,"column":50}},"5":{"start":{"line":7,"column":0},"end":{"line":7,"column":80}},"6":{"start":{"line":8,"column":0},"end":{"line":8,"column":49}},"7":{"start":{"line":10,"column":0},"end":{"line":10,"column":55}},"8":{"start":{"line":11,"column":0},"end":{"line":11,"column":41}},"9":{"start":{"line":12,"column":0},"end":{"line":12,"column":40}},"10":{"start":{"line":13,"column":0},"end":{"line":13,"column":50}},"11":{"start":{"line":14,"column":0},"end":{"line":14,"column":57}},"12":{"start":{"line":15,"column":0},"end":{"line":15,"column":64}},"13":{"start":{"line":16,"column":0},"end":{"line":16,"column":62}},"14":{"start":{"line":17,"column":0},"end":{"line":17,"column":63}},"15":{"start":{"line":18,"column":0},"end":{"line":18,"column":33}},"16":{"start":{"line":19,"column":0},"end":{"line":19,"column":38}},"17":{"start":{"line":20,"column":0},"end":{"line":20,"column":76}},"18":{"start":{"line":21,"column":0},"end":{"line":21,"column":59}},"19":{"start":{"line":22,"column":0},"end":{"line":22,"column":47}},"20":{"start":{"line":23,"column":0},"end":{"line":23,"column":92}},"21":{"start":{"line":24,"column":0},"end":{"line":24,"column":71}},"22":{"start":{"line":25,"column":0},"end":{"line":25,"column":54}},"23":{"start":{"line":27,"column":0},"end":{"line":27,"column":36}}},"fnMap":{},"branchMap":{},"s":{"0":1,"1":1,"2":1,"3":1,"4":1,"5":1,"6":1,"7":1,"8":1,"9":1,"10":1,"11":1,"12":1,"13":1,"14":1,"15":1,"16":1,"17":1,"18":1,"19":1,"20":1,"21":1,"22":1,"23":1},"f":{},"b":{},"_coverageSchema":"1a1c01bbd47fc00a2c39e90264f33305004495a9","hash":"6cbe86c7a49c94381c8cd2f93cc9fc94e5d5d488"}
,"D:\\backend learning\\Assesment\\backend\\constants\\otpEmail.js": {"path":"D:\\backend learning\\Assesment\\backend\\constants\\otpEmail.js","statementMap":{"0":{"start":{"line":1,"column":29},"end":{"line":76,"column":1}},"1":{"start":{"line":79,"column":0},"end":{"line":79,"column":38}}},"fnMap":{},"branchMap":{},"s":{"0":1,"1":1},"f":{},"b":{},"_coverageSchema":"1a1c01bbd47fc00a2c39e90264f33305004495a9","hash":"1949a4bcfc2b38996e8dd24fce87d5cddf6d85df"}
,"D:\\backend learning\\Assesment\\backend\\constants\\passwordEmail.js": {"path":"D:\\backend learning\\Assesment\\backend\\constants\\passwordEmail.js","statementMap":{"0":{"start":{"line":1,"column":22},"end":{"line":76,"column":5}},"1":{"start":{"line":78,"column":0},"end":{"line":78,"column":31}}},"fnMap":{},"branchMap":{},"s":{"0":1,"1":1},"f":{},"b":{},"_coverageSchema":"1a1c01bbd47fc00a2c39e90264f33305004495a9","hash":"c3f3753c347a3b16220dad1f1a5ba3c694766f39"}
,"D:\\backend learning\\Assesment\\backend\\controllers\\userControllers\\user.controller.js": {"path":"D:\\backend learning\\Assesment\\backend\\controllers\\userControllers\\user.controller.js","statementMap":{"0":{"start":{"line":1,"column":18},"end":{"line":1,"column":39}},"1":{"start":{"line":2,"column":25},"end":{"line":2,"column":57}},"2":{"start":{"line":3,"column":17},"end":{"line":3,"column":54}},"3":{"start":{"line":4,"column":15},"end":{"line":4,"column":34}},"4":{"start":{"line":5,"column":17},"end":{"line":5,"column":49}},"5":{"start":{"line":6,"column":17},"end":{"line":6,"column":49}},"6":{"start":{"line":7,"column":13},"end":{"line":7,"column":41}},"7":{"start":{"line":8,"column":19},"end":{"line":8,"column":53}},"8":{"start":{"line":9,"column":22},"end":{"line":9,"column":65}},"9":{"start":{"line":10,"column":22},"end":{"line":10,"column":62}},"10":{"start":{"line":11,"column":17},"end":{"line":11,"column":52}},"11":{"start":{"line":12,"column":19},"end":{"line":12,"column":55}},"12":{"start":{"line":13,"column":16},"end":{"line":13,"column":59}},"13":{"start":{"line":14,"column":14},"end":{"line":14,"column":55}},"14":{"start":{"line":16,"column":15},"end":{"line":36,"column":1}},"15":{"start":{"line":17,"column":57},"end":{"line":17,"column":65}},"16":{"start":{"line":19,"column":2},"end":{"line":19,"column":82}},"17":{"start":{"line":20,"column":2},"end":{"line":20,"column":42}},"18":{"start":{"line":20,"column":11},"end":{"line":20,"column":42}},"19":{"start":{"line":21,"column":2},"end":{"line":21,"column":159}},"20":{"start":{"line":22,"column":2},"end":{"line":22,"column":42}},"21":{"start":{"line":22,"column":11},"end":{"line":22,"column":42}},"22":{"start":{"line":23,"column":24},"end":{"line":23,"column":42}},"23":{"start":{"line":24,"column":2},"end":{"line":24,"column":102}},"24":{"start":{"line":25,"column":2},"end":{"line":25,"column":42}},"25":{"start":{"line":25,"column":11},"end":{"line":25,"column":42}},"26":{"start":{"line":26,"column":16},"end":{"line":30,"column":3}},"27":{"start":{"line":31,"column":19},"end":{"line":31,"column":51}},"28":{"start":{"line":32,"column":18},"end":{"line":32,"column":40}},"29":{"start":{"line":33,"column":29},"end":{"line":33,"column":70}},"30":{"start":{"line":34,"column":2},"end":{"line":34,"column":48}},"31":{"start":{"line":34,"column":14},"end":{"line":34,"column":48}},"32":{"start":{"line":35,"column":2},"end":{"line":35,"column":90}},"33":{"start":{"line":38,"column":20},"end":{"line":51,"column":1}},"34":{"start":{"line":39,"column":16},"end":{"line":39,"column":29}},"35":{"start":{"line":41,"column":2},"end":{"line":41,"column":84}},"36":{"start":{"line":42,"column":2},"end":{"line":42,"column":42}},"37":{"start":{"line":42,"column":11},"end":{"line":42,"column":42}},"38":{"start":{"line":43,"column":2},"end":{"line":43,"column":77}},"39":{"start":{"line":43,"column":17},"end":{"line":43,"column":77}},"40":{"start":{"line":44,"column":22},"end":{"line":44,"column":32}},"41":{"start":{"line":45,"column":26},"end":{"line":45,"column":54}},"42":{"start":{"line":46,"column":2},"end":{"line":50,"column":3}},"43":{"start":{"line":47,"column":4},"end":{"line":47,"column":104}},"44":{"start":{"line":49,"column":4},"end":{"line":49,"column":64}},"45":{"start":{"line":53,"column":23},"end":{"line":70,"column":1}},"46":{"start":{"line":54,"column":16},"end":{"line":54,"column":29}},"47":{"start":{"line":56,"column":2},"end":{"line":56,"column":84}},"48":{"start":{"line":57,"column":2},"end":{"line":57,"column":42}},"49":{"start":{"line":57,"column":11},"end":{"line":57,"column":42}},"50":{"start":{"line":58,"column":2},"end":{"line":58,"column":77}},"51":{"start":{"line":58,"column":17},"end":{"line":58,"column":77}},"52":{"start":{"line":59,"column":22},"end":{"line":59,"column":32}},"53":{"start":{"line":60,"column":26},"end":{"line":60,"column":54}},"54":{"start":{"line":61,"column":2},"end":{"line":69,"column":3}},"55":{"start":{"line":62,"column":25},"end":{"line":62,"column":33}},"56":{"start":{"line":64,"column":4},"end":{"line":64,"column":179}},"57":{"start":{"line":65,"column":4},"end":{"line":65,"column":44}},"58":{"start":{"line":65,"column":13},"end":{"line":65,"column":44}},"59":{"start":{"line":66,"column":4},"end":{"line":66,"column":56}},"60":{"start":{"line":68,"column":4},"end":{"line":68,"column":64}},"61":{"start":{"line":72,"column":19},"end":{"line":94,"column":1}},"62":{"start":{"line":73,"column":63},"end":{"line":73,"column":71}},"63":{"start":{"line":75,"column":2},"end":{"line":75,"column":76}},"64":{"start":{"line":76,"column":2},"end":{"line":76,"column":42}},"65":{"start":{"line":76,"column":11},"end":{"line":76,"column":42}},"66":{"start":{"line":77,"column":2},"end":{"line":77,"column":74}},"67":{"start":{"line":77,"column":16},"end":{"line":77,"column":74}},"68":{"start":{"line":78,"column":2},"end":{"line":78,"column":183}},"69":{"start":{"line":79,"column":2},"end":{"line":79,"column":42}},"70":{"start":{"line":79,"column":11},"end":{"line":79,"column":42}},"71":{"start":{"line":80,"column":24},"end":{"line":80,"column":42}},"72":{"start":{"line":81,"column":2},"end":{"line":81,"column":102}},"73":{"start":{"line":82,"column":2},"end":{"line":82,"column":42}},"74":{"start":{"line":82,"column":11},"end":{"line":82,"column":42}},"75":{"start":{"line":83,"column":16},"end":{"line":87,"column":3}},"76":{"start":{"line":88,"column":19},"end":{"line":88,"column":51}},"77":{"start":{"line":89,"column":18},"end":{"line":89,"column":40}},"78":{"start":{"line":90,"column":29},"end":{"line":90,"column":70}},"79":{"start":{"line":91,"column":2},"end":{"line":91,"column":48}},"80":{"start":{"line":91,"column":14},"end":{"line":91,"column":48}},"81":{"start":{"line":92,"column":2},"end":{"line":92,"column":90}},"82":{"start":{"line":96,"column":14},"end":{"line":160,"column":1}},"83":{"start":{"line":97,"column":30},"end":{"line":97,"column":38}},"84":{"start":{"line":98,"column":14},"end":{"line":98,"column":24}},"85":{"start":{"line":101,"column":2},"end":{"line":101,"column":131}},"86":{"start":{"line":102,"column":2},"end":{"line":102,"column":42}},"87":{"start":{"line":102,"column":11},"end":{"line":102,"column":42}},"88":{"start":{"line":103,"column":2},"end":{"line":103,"column":77}},"89":{"start":{"line":103,"column":17},"end":{"line":103,"column":77}},"90":{"start":{"line":105,"column":2},"end":{"line":115,"column":3}},"91":{"start":{"line":106,"column":4},"end":{"line":114,"column":5}},"92":{"start":{"line":107,"column":28},"end":{"line":107,"column":89}},"93":{"start":{"line":108,"column":6},"end":{"line":108,"column":98}},"94":{"start":{"line":110,"column":6},"end":{"line":110,"column":30}},"95":{"start":{"line":111,"column":6},"end":{"line":111,"column":28}},"96":{"start":{"line":112,"column":6},"end":{"line":112,"column":32}},"97":{"start":{"line":113,"column":6},"end":{"line":113,"column":28}},"98":{"start":{"line":117,"column":18},"end":{"line":117,"column":67}},"99":{"start":{"line":118,"column":2},"end":{"line":125,"column":3}},"100":{"start":{"line":119,"column":4},"end":{"line":119,"column":29}},"101":{"start":{"line":120,"column":4},"end":{"line":122,"column":5}},"102":{"start":{"line":121,"column":6},"end":{"line":121,"column":72}},"103":{"start":{"line":123,"column":4},"end":{"line":123,"column":26}},"104":{"start":{"line":124,"column":4},"end":{"line":124,"column":70}},"105":{"start":{"line":127,"column":2},"end":{"line":127,"column":26}},"106":{"start":{"line":129,"column":2},"end":{"line":135,"column":3}},"107":{"start":{"line":130,"column":4},"end":{"line":130,"column":26}},"108":{"start":{"line":131,"column":19},"end":{"line":131,"column":50}},"109":{"start":{"line":132,"column":4},"end":{"line":132,"column":62}},"110":{"start":{"line":132,"column":22},"end":{"line":132,"column":62}},"111":{"start":{"line":133,"column":4},"end":{"line":133,"column":48}},"112":{"start":{"line":137,"column":14},"end":{"line":137,"column":57}},"113":{"start":{"line":138,"column":2},"end":{"line":138,"column":21}},"114":{"start":{"line":139,"column":2},"end":{"line":139,"column":30}},"115":{"start":{"line":140,"column":2},"end":{"line":140,"column":25}},"116":{"start":{"line":141,"column":2},"end":{"line":145,"column":3}},"117":{"start":{"line":142,"column":4},"end":{"line":142,"column":70}},"118":{"start":{"line":143,"column":4},"end":{"line":143,"column":26}},"119":{"start":{"line":144,"column":4},"end":{"line":144,"column":66}},"120":{"start":{"line":146,"column":2},"end":{"line":146,"column":24}},"121":{"start":{"line":148,"column":16},"end":{"line":152,"column":3}},"122":{"start":{"line":153,"column":19},"end":{"line":153,"column":46}},"123":{"start":{"line":154,"column":18},"end":{"line":154,"column":33}},"124":{"start":{"line":156,"column":21},"end":{"line":156,"column":62}},"125":{"start":{"line":157,"column":2},"end":{"line":157,"column":48}},"126":{"start":{"line":157,"column":14},"end":{"line":157,"column":48}},"127":{"start":{"line":159,"column":2},"end":{"line":159,"column":95}},"128":{"start":{"line":162,"column":18},"end":{"line":199,"column":1}},"129":{"start":{"line":163,"column":14},"end":{"line":163,"column":24}},"130":{"start":{"line":164,"column":20},"end":{"line":164,"column":28}},"131":{"start":{"line":166,"column":2},"end":{"line":166,"column":69}},"132":{"start":{"line":167,"column":2},"end":{"line":167,"column":42}},"133":{"start":{"line":167,"column":11},"end":{"line":167,"column":42}},"134":{"start":{"line":168,"column":2},"end":{"line":168,"column":77}},"135":{"start":{"line":168,"column":17},"end":{"line":168,"column":77}},"136":{"start":{"line":170,"column":2},"end":{"line":173,"column":3}},"137":{"start":{"line":171,"column":26},"end":{"line":171,"column":87}},"138":{"start":{"line":172,"column":4},"end":{"line":172,"column":96}},"139":{"start":{"line":175,"column":2},"end":{"line":175,"column":25}},"140":{"start":{"line":176,"column":2},"end":{"line":180,"column":3}},"141":{"start":{"line":177,"column":4},"end":{"line":177,"column":70}},"142":{"start":{"line":178,"column":4},"end":{"line":178,"column":26}},"143":{"start":{"line":179,"column":4},"end":{"line":179,"column":66}},"144":{"start":{"line":182,"column":14},"end":{"line":182,"column":57}},"145":{"start":{"line":183,"column":2},"end":{"line":183,"column":21}},"146":{"start":{"line":184,"column":2},"end":{"line":184,"column":30}},"147":{"start":{"line":185,"column":2},"end":{"line":185,"column":24}},"148":{"start":{"line":187,"column":16},"end":{"line":191,"column":3}},"149":{"start":{"line":192,"column":19},"end":{"line":192,"column":46}},"150":{"start":{"line":193,"column":18},"end":{"line":193,"column":33}},"151":{"start":{"line":195,"column":21},"end":{"line":195,"column":71}},"152":{"start":{"line":196,"column":2},"end":{"line":196,"column":48}},"153":{"start":{"line":196,"column":14},"end":{"line":196,"column":48}},"154":{"start":{"line":198,"column":2},"end":{"line":198,"column":60}},"155":{"start":{"line":201,"column":19},"end":{"line":235,"column":1}},"156":{"start":{"line":202,"column":14},"end":{"line":202,"column":24}},"157":{"start":{"line":203,"column":25},"end":{"line":203,"column":33}},"158":{"start":{"line":205,"column":2},"end":{"line":205,"column":131}},"159":{"start":{"line":206,"column":2},"end":{"line":206,"column":42}},"160":{"start":{"line":206,"column":11},"end":{"line":206,"column":42}},"161":{"start":{"line":207,"column":2},"end":{"line":207,"column":77}},"162":{"start":{"line":207,"column":17},"end":{"line":207,"column":77}},"163":{"start":{"line":209,"column":2},"end":{"line":212,"column":3}},"164":{"start":{"line":210,"column":26},"end":{"line":210,"column":87}},"165":{"start":{"line":211,"column":4},"end":{"line":211,"column":96}},"166":{"start":{"line":214,"column":2},"end":{"line":216,"column":3}},"167":{"start":{"line":215,"column":4},"end":{"line":215,"column":64}},"168":{"start":{"line":218,"column":17},"end":{"line":218,"column":54}},"169":{"start":{"line":219,"column":2},"end":{"line":221,"column":3}},"170":{"start":{"line":220,"column":4},"end":{"line":220,"column":62}},"171":{"start":{"line":223,"column":2},"end":{"line":225,"column":3}},"172":{"start":{"line":224,"column":4},"end":{"line":224,"column":62}},"173":{"start":{"line":227,"column":2},"end":{"line":227,"column":22}},"174":{"start":{"line":228,"column":2},"end":{"line":228,"column":31}},"175":{"start":{"line":229,"column":2},"end":{"line":229,"column":24}},"176":{"start":{"line":230,"column":2},"end":{"line":230,"column":24}},"177":{"start":{"line":232,"column":17},"end":{"line":232,"column":48}},"178":{"start":{"line":233,"column":2},"end":{"line":233,"column":60}},"179":{"start":{"line":233,"column":20},"end":{"line":233,"column":60}},"180":{"start":{"line":234,"column":2},"end":{"line":234,"column":46}},"181":{"start":{"line":238,"column":23},"end":{"line":238,"column":41}},"182":{"start":{"line":240,"column":16},"end":{"line":240,"column":91}},"183":{"start":{"line":241,"column":2},"end":{"line":241,"column":33}},"184":{"start":{"line":241,"column":11},"end":{"line":241,"column":33}},"185":{"start":{"line":243,"column":23},"end":{"line":243,"column":47}},"186":{"start":{"line":244,"column":2},"end":{"line":244,"column":31}},"187":{"start":{"line":245,"column":2},"end":{"line":245,"column":35}},"188":{"start":{"line":247,"column":22},"end":{"line":247,"column":44}},"189":{"start":{"line":248,"column":2},"end":{"line":248,"column":63}},"190":{"start":{"line":248,"column":20},"end":{"line":248,"column":63}},"191":{"start":{"line":250,"column":2},"end":{"line":250,"column":72}},"192":{"start":{"line":254,"column":21},"end":{"line":274,"column":1}},"193":{"start":{"line":255,"column":27},"end":{"line":255,"column":35}},"194":{"start":{"line":256,"column":2},"end":{"line":256,"column":90}},"195":{"start":{"line":256,"column":21},"end":{"line":256,"column":90}},"196":{"start":{"line":259,"column":2},"end":{"line":259,"column":138}},"197":{"start":{"line":260,"column":2},"end":{"line":260,"column":42}},"198":{"start":{"line":260,"column":11},"end":{"line":260,"column":42}},"199":{"start":{"line":261,"column":2},"end":{"line":261,"column":77}},"200":{"start":{"line":261,"column":17},"end":{"line":261,"column":77}},"201":{"start":{"line":263,"column":2},"end":{"line":263,"column":92}},"202":{"start":{"line":264,"column":2},"end":{"line":264,"column":42}},"203":{"start":{"line":264,"column":11},"end":{"line":264,"column":42}},"204":{"start":{"line":266,"column":23},"end":{"line":266,"column":47}},"205":{"start":{"line":267,"column":2},"end":{"line":267,"column":31}},"206":{"start":{"line":268,"column":2},"end":{"line":268,"column":35}},"207":{"start":{"line":270,"column":22},"end":{"line":270,"column":44}},"208":{"start":{"line":271,"column":2},"end":{"line":271,"column":86}},"209":{"start":{"line":271,"column":20},"end":{"line":271,"column":86}},"210":{"start":{"line":273,"column":2},"end":{"line":273,"column":75}},"211":{"start":{"line":276,"column":18},"end":{"line":282,"column":1}},"212":{"start":{"line":277,"column":24},"end":{"line":277,"column":32}},"213":{"start":{"line":279,"column":2},"end":{"line":279,"column":108}},"214":{"start":{"line":280,"column":2},"end":{"line":280,"column":42}},"215":{"start":{"line":280,"column":11},"end":{"line":280,"column":42}},"216":{"start":{"line":281,"column":2},"end":{"line":281,"column":53}},"217":{"start":{"line":284,"column":24},"end":{"line":289,"column":1}},"218":{"start":{"line":286,"column":2},"end":{"line":286,"column":225}},"219":{"start":{"line":287,"column":2},"end":{"line":287,"column":42}},"220":{"start":{"line":287,"column":11},"end":{"line":287,"column":42}},"221":{"start":{"line":288,"column":2},"end":{"line":288,"column":44}},"222":{"start":{"line":291,"column":0},"end":{"line":291,"column":157}}},"fnMap":{"0":{"name":"(anonymous_0)","decl":{"start":{"line":16,"column":15},"end":{"line":16,"column":16}},"loc":{"start":{"line":16,"column":35},"end":{"line":36,"column":1}},"line":16},"1":{"name":"(anonymous_1)","decl":{"start":{"line":38,"column":20},"end":{"line":38,"column":21}},"loc":{"start":{"line":38,"column":40},"end":{"line":51,"column":1}},"line":38},"2":{"name":"(anonymous_2)","decl":{"start":{"line":53,"column":23},"end":{"line":53,"column":24}},"loc":{"start":{"line":53,"column":43},"end":{"line":70,"column":1}},"line":53},"3":{"name":"(anonymous_3)","decl":{"start":{"line":72,"column":19},"end":{"line":72,"column":20}},"loc":{"start":{"line":72,"column":39},"end":{"line":94,"column":1}},"line":72},"4":{"name":"(anonymous_4)","decl":{"start":{"line":96,"column":14},"end":{"line":96,"column":15}},"loc":{"start":{"line":96,"column":34},"end":{"line":160,"column":1}},"line":96},"5":{"name":"(anonymous_5)","decl":{"start":{"line":162,"column":18},"end":{"line":162,"column":19}},"loc":{"start":{"line":162,"column":38},"end":{"line":199,"column":1}},"line":162},"6":{"name":"(anonymous_6)","decl":{"start":{"line":201,"column":19},"end":{"line":201,"column":20}},"loc":{"start":{"line":201,"column":39},"end":{"line":235,"column":1}},"line":201},"7":{"name":"successfulLogin","decl":{"start":{"line":237,"column":15},"end":{"line":237,"column":30}},"loc":{"start":{"line":237,"column":41},"end":{"line":251,"column":1}},"line":237},"8":{"name":"(anonymous_8)","decl":{"start":{"line":254,"column":21},"end":{"line":254,"column":22}},"loc":{"start":{"line":254,"column":41},"end":{"line":274,"column":1}},"line":254},"9":{"name":"(anonymous_9)","decl":{"start":{"line":276,"column":18},"end":{"line":276,"column":19}},"loc":{"start":{"line":276,"column":38},"end":{"line":282,"column":1}},"line":276},"10":{"name":"(anonymous_10)","decl":{"start":{"line":284,"column":24},"end":{"line":284,"column":25}},"loc":{"start":{"line":284,"column":44},"end":{"line":289,"column":1}},"line":284}},"branchMap":{"0":{"loc":{"start":{"line":20,"column":2},"end":{"line":20,"column":42}},"type":"if","locations":[{"start":{"line":20,"column":2},"end":{"line":20,"column":42}},{"start":{},"end":{}}],"line":20},"1":{"loc":{"start":{"line":22,"column":2},"end":{"line":22,"column":42}},"type":"if","locations":[{"start":{"line":22,"column":2},"end":{"line":22,"column":42}},{"start":{},"end":{}}],"line":22},"2":{"loc":{"start":{"line":25,"column":2},"end":{"line":25,"column":42}},"type":"if","locations":[{"start":{"line":25,"column":2},"end":{"line":25,"column":42}},{"start":{},"end":{}}],"line":25},"3":{"loc":{"start":{"line":34,"column":2},"end":{"line":34,"column":48}},"type":"if","locations":[{"start":{"line":34,"column":2},"end":{"line":34,"column":48}},{"start":{},"end":{}}],"line":34},"4":{"loc":{"start":{"line":42,"column":2},"end":{"line":42,"column":42}},"type":"if","locations":[{"start":{"line":42,"column":2},"end":{"line":42,"column":42}},{"start":{},"end":{}}],"line":42},"5":{"loc":{"start":{"line":43,"column":2},"end":{"line":43,"column":77}},"type":"if","locations":[{"start":{"line":43,"column":2},"end":{"line":43,"column":77}},{"start":{},"end":{}}],"line":43},"6":{"loc":{"start":{"line":46,"column":2},"end":{"line":50,"column":3}},"type":"if","locations":[{"start":{"line":46,"column":2},"end":{"line":50,"column":3}},{"start":{"line":48,"column":9},"end":{"line":50,"column":3}}],"line":46},"7":{"loc":{"start":{"line":57,"column":2},"end":{"line":57,"column":42}},"type":"if","locations":[{"start":{"line":57,"column":2},"end":{"line":57,"column":42}},{"start":{},"end":{}}],"line":57},"8":{"loc":{"start":{"line":58,"column":2},"end":{"line":58,"column":77}},"type":"if","locations":[{"start":{"line":58,"column":2},"end":{"line":58,"column":77}},{"start":{},"end":{}}],"line":58},"9":{"loc":{"start":{"line":61,"column":2},"end":{"line":69,"column":3}},"type":"if","locations":[{"start":{"line":61,"column":2},"end":{"line":69,"column":3}},{"start":{"line":67,"column":9},"end":{"line":69,"column":3}}],"line":61},"10":{"loc":{"start":{"line":65,"column":4},"end":{"line":65,"column":44}},"type":"if","locations":[{"start":{"line":65,"column":4},"end":{"line":65,"column":44}},{"start":{},"end":{}}],"line":65},"11":{"loc":{"start":{"line":76,"column":2},"end":{"line":76,"column":42}},"type":"if","locations":[{"start":{"line":76,"column":2},"end":{"line":76,"column":42}},{"start":{},"end":{}}],"line":76},"12":{"loc":{"start":{"line":77,"column":2},"end":{"line":77,"column":74}},"type":"if","locations":[{"start":{"line":77,"column":2},"end":{"line":77,"column":74}},{"start":{},"end":{}}],"line":77},"13":{"loc":{"start":{"line":79,"column":2},"end":{"line":79,"column":42}},"type":"if","locations":[{"start":{"line":79,"column":2},"end":{"line":79,"column":42}},{"start":{},"end":{}}],"line":79},"14":{"loc":{"start":{"line":82,"column":2},"end":{"line":82,"column":42}},"type":"if","locations":[{"start":{"line":82,"column":2},"end":{"line":82,"column":42}},{"start":{},"end":{}}],"line":82},"15":{"loc":{"start":{"line":91,"column":2},"end":{"line":91,"column":48}},"type":"if","locations":[{"start":{"line":91,"column":2},"end":{"line":91,"column":48}},{"start":{},"end":{}}],"line":91},"16":{"loc":{"start":{"line":102,"column":2},"end":{"line":102,"column":42}},"type":"if","locations":[{"start":{"line":102,"column":2},"end":{"line":102,"column":42}},{"start":{},"end":{}}],"line":102},"17":{"loc":{"start":{"line":103,"column":2},"end":{"line":103,"column":77}},"type":"if","locations":[{"start":{"line":103,"column":2},"end":{"line":103,"column":77}},{"start":{},"end":{}}],"line":103},"18":{"loc":{"start":{"line":105,"column":2},"end":{"line":115,"column":3}},"type":"if","locations":[{"start":{"line":105,"column":2},"end":{"line":115,"column":3}},{"start":{},"end":{}}],"line":105},"19":{"loc":{"start":{"line":106,"column":4},"end":{"line":114,"column":5}},"type":"if","locations":[{"start":{"line":106,"column":4},"end":{"line":114,"column":5}},{"start":{"line":109,"column":11},"end":{"line":114,"column":5}}],"line":106},"20":{"loc":{"start":{"line":118,"column":2},"end":{"line":125,"column":3}},"type":"if","locations":[{"start":{"line":118,"column":2},"end":{"line":125,"column":3}},{"start":{},"end":{}}],"line":118},"21":{"loc":{"start":{"line":120,"column":4},"end":{"line":122,"column":5}},"type":"if","locations":[{"start":{"line":120,"column":4},"end":{"line":122,"column":5}},{"start":{},"end":{}}],"line":120},"22":{"loc":{"start":{"line":129,"column":2},"end":{"line":135,"column":3}},"type":"if","locations":[{"start":{"line":129,"column":2},"end":{"line":135,"column":3}},{"start":{},"end":{}}],"line":129},"23":{"loc":{"start":{"line":132,"column":4},"end":{"line":132,"column":62}},"type":"if","locations":[{"start":{"line":132,"column":4},"end":{"line":132,"column":62}},{"start":{},"end":{}}],"line":132},"24":{"loc":{"start":{"line":141,"column":2},"end":{"line":145,"column":3}},"type":"if","locations":[{"start":{"line":141,"column":2},"end":{"line":145,"column":3}},{"start":{},"end":{}}],"line":141},"25":{"loc":{"start":{"line":157,"column":2},"end":{"line":157,"column":48}},"type":"if","locations":[{"start":{"line":157,"column":2},"end":{"line":157,"column":48}},{"start":{},"end":{}}],"line":157},"26":{"loc":{"start":{"line":167,"column":2},"end":{"line":167,"column":42}},"type":"if","locations":[{"start":{"line":167,"column":2},"end":{"line":167,"column":42}},{"start":{},"end":{}}],"line":167},"27":{"loc":{"start":{"line":168,"column":2},"end":{"line":168,"column":77}},"type":"if","locations":[{"start":{"line":168,"column":2},"end":{"line":168,"column":77}},{"start":{},"end":{}}],"line":168},"28":{"loc":{"start":{"line":170,"column":2},"end":{"line":173,"column":3}},"type":"if","locations":[{"start":{"line":170,"column":2},"end":{"line":173,"column":3}},{"start":{},"end":{}}],"line":170},"29":{"loc":{"start":{"line":176,"column":2},"end":{"line":180,"column":3}},"type":"if","locations":[{"start":{"line":176,"column":2},"end":{"line":180,"column":3}},{"start":{},"end":{}}],"line":176},"30":{"loc":{"start":{"line":196,"column":2},"end":{"line":196,"column":48}},"type":"if","locations":[{"start":{"line":196,"column":2},"end":{"line":196,"column":48}},{"start":{},"end":{}}],"line":196},"31":{"loc":{"start":{"line":206,"column":2},"end":{"line":206,"column":42}},"type":"if","locations":[{"start":{"line":206,"column":2},"end":{"line":206,"column":42}},{"start":{},"end":{}}],"line":206},"32":{"loc":{"start":{"line":207,"column":2},"end":{"line":207,"column":77}},"type":"if","locations":[{"start":{"line":207,"column":2},"end":{"line":207,"column":77}},{"start":{},"end":{}}],"line":207},"33":{"loc":{"start":{"line":209,"column":2},"end":{"line":212,"column":3}},"type":"if","locations":[{"start":{"line":209,"column":2},"end":{"line":212,"column":3}},{"start":{},"end":{}}],"line":209},"34":{"loc":{"start":{"line":214,"column":2},"end":{"line":216,"column":3}},"type":"if","locations":[{"start":{"line":214,"column":2},"end":{"line":216,"column":3}},{"start":{},"end":{}}],"line":214},"35":{"loc":{"start":{"line":219,"column":2},"end":{"line":221,"column":3}},"type":"if","locations":[{"start":{"line":219,"column":2},"end":{"line":221,"column":3}},{"start":{},"end":{}}],"line":219},"36":{"loc":{"start":{"line":223,"column":2},"end":{"line":225,"column":3}},"type":"if","locations":[{"start":{"line":223,"column":2},"end":{"line":225,"column":3}},{"start":{},"end":{}}],"line":223},"37":{"loc":{"start":{"line":233,"column":2},"end":{"line":233,"column":60}},"type":"if","locations":[{"start":{"line":233,"column":2},"end":{"line":233,"column":60}},{"start":{},"end":{}}],"line":233},"38":{"loc":{"start":{"line":241,"column":2},"end":{"line":241,"column":33}},"type":"if","locations":[{"start":{"line":241,"column":2},"end":{"line":241,"column":33}},{"start":{},"end":{}}],"line":241},"39":{"loc":{"start":{"line":248,"column":2},"end":{"line":248,"column":63}},"type":"if","locations":[{"start":{"line":248,"column":2},"end":{"line":248,"column":63}},{"start":{},"end":{}}],"line":248},"40":{"loc":{"start":{"line":256,"column":2},"end":{"line":256,"column":90}},"type":"if","locations":[{"start":{"line":256,"column":2},"end":{"line":256,"column":90}},{"start":{},"end":{}}],"line":256},"41":{"loc":{"start":{"line":260,"column":2},"end":{"line":260,"column":42}},"type":"if","locations":[{"start":{"line":260,"column":2},"end":{"line":260,"column":42}},{"start":{},"end":{}}],"line":260},"42":{"loc":{"start":{"line":261,"column":2},"end":{"line":261,"column":77}},"type":"if","locations":[{"start":{"line":261,"column":2},"end":{"line":261,"column":77}},{"start":{},"end":{}}],"line":261},"43":{"loc":{"start":{"line":264,"column":2},"end":{"line":264,"column":42}},"type":"if","locations":[{"start":{"line":264,"column":2},"end":{"line":264,"column":42}},{"start":{},"end":{}}],"line":264},"44":{"loc":{"start":{"line":271,"column":2},"end":{"line":271,"column":86}},"type":"if","locations":[{"start":{"line":271,"column":2},"end":{"line":271,"column":86}},{"start":{},"end":{}}],"line":271},"45":{"loc":{"start":{"line":280,"column":2},"end":{"line":280,"column":42}},"type":"if","locations":[{"start":{"line":280,"column":2},"end":{"line":280,"column":42}},{"start":{},"end":{}}],"line":280},"46":{"loc":{"start":{"line":287,"column":2},"end":{"line":287,"column":42}},"type":"if","locations":[{"start":{"line":287,"column":2},"end":{"line":287,"column":42}},{"start":{},"end":{}}],"line":287}},"s":{"0":1,"1":1,"2":1,"3":1,"4":1,"5":1,"6":1,"7":1,"8":1,"9":1,"10":1,"11":1,"12":1,"13":1,"14":1,"15":5,"16":5,"17":5,"18":1,"19":4,"20":4,"21":1,"22":3,"23":3,"24":3,"25":1,"26":2,"27":2,"28":2,"29":2,"30":2,"31":1,"32":1,"33":1,"34":4,"35":4,"36":4,"37":1,"38":3,"39":1,"40":2,"41":2,"42":2,"43":1,"44":1,"45":1,"46":5,"47":5,"48":5,"49":1,"50":4,"51":1,"52":3,"53":3,"54":3,"55":2,"56":2,"57":2,"58":1,"59":1,"60":1,"61":1,"62":6,"63":6,"64":6,"65":1,"66":5,"67":1,"68":4,"69":4,"70":1,"71":3,"72":3,"73":3,"74":1,"75":2,"76":2,"77":2,"78":2,"79":2,"80":1,"81":1,"82":1,"83":10,"84":10,"85":10,"86":10,"87":1,"88":9,"89":1,"90":8,"91":3,"92":1,"93":1,"94":2,"95":2,"96":2,"97":2,"98":7,"99":7,"100":2,"101":2,"102":1,"103":2,"104":2,"105":5,"106":5,"107":2,"108":2,"109":2,"110":1,"111":1,"112":3,"113":3,"114":3,"115":3,"116":3,"117":1,"118":1,"119":1,"120":2,"121":2,"122":2,"123":2,"124":2,"125":2,"126":1,"127":1,"128":1,"129":6,"130":6,"131":6,"132":6,"133":1,"134":5,"135":1,"136":4,"137":1,"138":1,"139":3,"140":3,"141":1,"142":1,"143":1,"144":2,"145":2,"146":2,"147":2,"148":2,"149":2,"150":2,"151":2,"152":2,"153":1,"154":1,"155":1,"156":8,"157":8,"158":8,"159":8,"160":1,"161":7,"162":1,"163":6,"164":1,"165":1,"166":5,"167":1,"168":4,"169":4,"170":1,"171":3,"172":1,"173":2,"174":2,"175":2,"176":2,"177":2,"178":2,"179":1,"180":1,"181":4,"182":4,"183":4,"184":1,"185":3,"186":3,"187":3,"188":3,"189":3,"190":1,"191":2,"192":1,"193":6,"194":6,"195":1,"196":5,"197":5,"198":1,"199":4,"200":1,"201":3,"202":3,"203":1,"204":2,"205":2,"206":2,"207":2,"208":2,"209":1,"210":1,"211":1,"212":2,"213":2,"214":2,"215":1,"216":1,"217":1,"218":2,"219":2,"220":1,"221":1,"222":1},"f":{"0":5,"1":4,"2":5,"3":6,"4":10,"5":6,"6":8,"7":4,"8":6,"9":2,"10":2},"b":{"0":[1,4],"1":[1,3],"2":[1,2],"3":[1,1],"4":[1,3],"5":[1,2],"6":[1,1],"7":[1,4],"8":[1,3],"9":[2,1],"10":[1,1],"11":[1,5],"12":[1,4],"13":[1,3],"14":[1,2],"15":[1,1],"16":[1,9],"17":[1,8],"18":[3,5],"19":[1,2],"20":[2,5],"21":[1,1],"22":[2,3],"23":[1,1],"24":[1,2],"25":[1,1],"26":[1,5],"27":[1,4],"28":[1,3],"29":[1,2],"30":[1,1],"31":[1,7],"32":[1,6],"33":[1,5],"34":[1,4],"35":[1,3],"36":[1,2],"37":[1,1],"38":[1,3],"39":[1,2],"40":[1,5],"41":[1,4],"42":[1,3],"43":[1,2],"44":[1,1],"45":[1,1],"46":[1,1]},"_coverageSchema":"1a1c01bbd47fc00a2c39e90264f33305004495a9","hash":"82f6bcf5ade48fe9e54f14c84dac7b4047dbcc31"}
,"D:\\backend learning\\Assesment\\backend\\services\\emailSetup.js": {"path":"D:\\backend learning\\Assesment\\backend\\services\\emailSetup.js","statementMap":{"0":{"start":{"line":1,"column":19},"end":{"line":7,"column":1}},"1":{"start":{"line":2,"column":4},"end":{"line":5,"column":5}},"2":{"start":{"line":3,"column":8},"end":{"line":3,"column":55}},"3":{"start":{"line":6,"column":4},"end":{"line":6,"column":19}},"4":{"start":{"line":9,"column":0},"end":{"line":9,"column":28}}},"fnMap":{"0":{"name":"(anonymous_0)","decl":{"start":{"line":1,"column":19},"end":{"line":1,"column":20}},"loc":{"start":{"line":1,"column":46},"end":{"line":7,"column":1}},"line":1}},"branchMap":{},"s":{"0":1,"1":8,"2":24,"3":8,"4":1},"f":{"0":8},"b":{},"_coverageSchema":"1a1c01bbd47fc00a2c39e90264f33305004495a9","hash":"1825cc74ed6e433d2af8fd52f5412eb7bd370b01"}
}
