TN:
SF:constants\messages.js
FNF:0
FNH:0
DA:1,1
DA:2,1
DA:4,1
DA:5,1
DA:6,1
DA:7,1
DA:8,1
DA:10,1
DA:11,1
DA:12,1
DA:13,1
DA:14,1
DA:15,1
DA:16,1
DA:17,1
DA:18,1
DA:19,1
DA:20,1
DA:21,1
DA:22,1
DA:23,1
DA:24,1
DA:25,1
DA:27,1
LF:24
LH:24
BRF:0
BRH:0
end_of_record
TN:
SF:constants\otpEmail.js
FNF:0
FNH:0
DA:1,1
DA:79,1
LF:2
LH:2
BRF:0
BRH:0
end_of_record
TN:
SF:constants\passwordEmail.js
FNF:0
FNH:0
DA:1,1
DA:78,1
LF:2
LH:2
BRF:0
BRH:0
end_of_record
TN:
SF:controllers\userControllers\user.controller.js
FN:16,(anonymous_0)
FN:38,(anonymous_1)
FN:53,(anonymous_2)
FN:72,(anonymous_3)
FN:96,(anonymous_4)
FN:162,(anonymous_5)
FN:201,(anonymous_6)
FN:237,successfulLogin
FN:254,(anonymous_8)
FN:276,(anonymous_9)
FN:284,(anonymous_10)
FNF:11
FNH:11
FNDA:5,(anonymous_0)
FNDA:4,(anonymous_1)
FNDA:5,(anonymous_2)
FNDA:6,(anonymous_3)
FNDA:10,(anonymous_4)
FNDA:6,(anonymous_5)
FNDA:8,(anonymous_6)
FNDA:4,successfulLogin
FNDA:6,(anonymous_8)
FNDA:2,(anonymous_9)
FNDA:2,(anonymous_10)
DA:1,1
DA:2,1
DA:3,1
DA:4,1
DA:5,1
DA:6,1
DA:7,1
DA:8,1
DA:9,1
DA:10,1
DA:11,1
DA:12,1
DA:13,1
DA:14,1
DA:16,1
DA:17,5
DA:19,5
DA:20,5
DA:21,4
DA:22,4
DA:23,3
DA:24,3
DA:25,3
DA:26,2
DA:31,2
DA:32,2
DA:33,2
DA:34,2
DA:35,1
DA:38,1
DA:39,4
DA:41,4
DA:42,4
DA:43,3
DA:44,2
DA:45,2
DA:46,2
DA:47,1
DA:49,1
DA:53,1
DA:54,5
DA:56,5
DA:57,5
DA:58,4
DA:59,3
DA:60,3
DA:61,3
DA:62,2
DA:64,2
DA:65,2
DA:66,1
DA:68,1
DA:72,1
DA:73,6
DA:75,6
DA:76,6
DA:77,5
DA:78,4
DA:79,4
DA:80,3
DA:81,3
DA:82,3
DA:83,2
DA:88,2
DA:89,2
DA:90,2
DA:91,2
DA:92,1
DA:96,1
DA:97,10
DA:98,10
DA:101,10
DA:102,10
DA:103,9
DA:105,8
DA:106,3
DA:107,1
DA:108,1
DA:110,2
DA:111,2
DA:112,2
DA:113,2
DA:117,7
DA:118,7
DA:119,2
DA:120,2
DA:121,1
DA:123,2
DA:124,2
DA:127,5
DA:129,5
DA:130,2
DA:131,2
DA:132,2
DA:133,1
DA:137,3
DA:138,3
DA:139,3
DA:140,3
DA:141,3
DA:142,1
DA:143,1
DA:144,1
DA:146,2
DA:148,2
DA:153,2
DA:154,2
DA:156,2
DA:157,2
DA:159,1
DA:162,1
DA:163,6
DA:164,6
DA:166,6
DA:167,6
DA:168,5
DA:170,4
DA:171,1
DA:172,1
DA:175,3
DA:176,3
DA:177,1
DA:178,1
DA:179,1
DA:182,2
DA:183,2
DA:184,2
DA:185,2
DA:187,2
DA:192,2
DA:193,2
DA:195,2
DA:196,2
DA:198,1
DA:201,1
DA:202,8
DA:203,8
DA:205,8
DA:206,8
DA:207,7
DA:209,6
DA:210,1
DA:211,1
DA:214,5
DA:215,1
DA:218,4
DA:219,4
DA:220,1
DA:223,3
DA:224,1
DA:227,2
DA:228,2
DA:229,2
DA:230,2
DA:232,2
DA:233,2
DA:234,1
DA:238,4
DA:240,4
DA:241,4
DA:243,3
DA:244,3
DA:245,3
DA:247,3
DA:248,3
DA:250,2
DA:254,1
DA:255,6
DA:256,6
DA:259,5
DA:260,5
DA:261,4
DA:263,3
DA:264,3
DA:266,2
DA:267,2
DA:268,2
DA:270,2
DA:271,2
DA:273,1
DA:276,1
DA:277,2
DA:279,2
DA:280,2
DA:281,1
DA:284,1
DA:286,2
DA:287,2
DA:288,1
DA:291,1
LF:190
LH:190
BRDA:20,0,0,1
BRDA:20,0,1,4
BRDA:22,1,0,1
BRDA:22,1,1,3
BRDA:25,2,0,1
BRDA:25,2,1,2
BRDA:34,3,0,1
BRDA:34,3,1,1
BRDA:42,4,0,1
BRDA:42,4,1,3
BRDA:43,5,0,1
BRDA:43,5,1,2
BRDA:46,6,0,1
BRDA:46,6,1,1
BRDA:57,7,0,1
BRDA:57,7,1,4
BRDA:58,8,0,1
BRDA:58,8,1,3
BRDA:61,9,0,2
BRDA:61,9,1,1
BRDA:65,10,0,1
BRDA:65,10,1,1
BRDA:76,11,0,1
BRDA:76,11,1,5
BRDA:77,12,0,1
BRDA:77,12,1,4
BRDA:79,13,0,1
BRDA:79,13,1,3
BRDA:82,14,0,1
BRDA:82,14,1,2
BRDA:91,15,0,1
BRDA:91,15,1,1
BRDA:102,16,0,1
BRDA:102,16,1,9
BRDA:103,17,0,1
BRDA:103,17,1,8
BRDA:105,18,0,3
BRDA:105,18,1,5
BRDA:106,19,0,1
BRDA:106,19,1,2
BRDA:118,20,0,2
BRDA:118,20,1,5
BRDA:120,21,0,1
BRDA:120,21,1,1
BRDA:129,22,0,2
BRDA:129,22,1,3
BRDA:132,23,0,1
BRDA:132,23,1,1
BRDA:141,24,0,1
BRDA:141,24,1,2
BRDA:157,25,0,1
BRDA:157,25,1,1
BRDA:167,26,0,1
BRDA:167,26,1,5
BRDA:168,27,0,1
BRDA:168,27,1,4
BRDA:170,28,0,1
BRDA:170,28,1,3
BRDA:176,29,0,1
BRDA:176,29,1,2
BRDA:196,30,0,1
BRDA:196,30,1,1
BRDA:206,31,0,1
BRDA:206,31,1,7
BRDA:207,32,0,1
BRDA:207,32,1,6
BRDA:209,33,0,1
BRDA:209,33,1,5
BRDA:214,34,0,1
BRDA:214,34,1,4
BRDA:219,35,0,1
BRDA:219,35,1,3
BRDA:223,36,0,1
BRDA:223,36,1,2
BRDA:233,37,0,1
BRDA:233,37,1,1
BRDA:241,38,0,1
BRDA:241,38,1,3
BRDA:248,39,0,1
BRDA:248,39,1,2
BRDA:256,40,0,1
BRDA:256,40,1,5
BRDA:260,41,0,1
BRDA:260,41,1,4
BRDA:261,42,0,1
BRDA:261,42,1,3
BRDA:264,43,0,1
BRDA:264,43,1,2
BRDA:271,44,0,1
BRDA:271,44,1,1
BRDA:280,45,0,1
BRDA:280,45,1,1
BRDA:287,46,0,1
BRDA:287,46,1,1
BRF:94
BRH:94
end_of_record
TN:
SF:services\emailSetup.js
FN:1,(anonymous_0)
FNF:1
FNH:1
FNDA:8,(anonymous_0)
DA:1,1
DA:2,8
DA:3,24
DA:6,8
DA:9,1
LF:5
LH:5
BRF:0
BRH:0
end_of_record
